Flow report for lab8
Tue Nov 19 16:11:14 2019
Quartus Prime Version 18.0.0 Build 614 04/24/2018 SJ Lite Edition


---------------------
; Table of Contents ;
---------------------
  1. Legal Notice
  2. Flow Summary
  3. Flow Settings
  4. Flow Non-Default Global Settings
  5. Flow Elapsed Time
  6. Flow OS Summary
  7. Flow Log
  8. Flow Messages
  9. Flow Suppressed Messages



----------------
; Legal Notice ;
----------------
Copyright (C) 2018  Intel Corporation. All rights reserved.
Your use of Intel Corporation's design tools, logic functions 
and other software and tools, and its AMPP partner logic 
functions, and any output files from any of the foregoing 
(including device programming or simulation files), and any 
associated documentation or information are expressly subject 
to the terms and conditions of the Intel Program License 
Subscription Agreement, the Intel Quartus Prime License Agreement,
the Intel FPGA IP License Agreement, or other applicable license
agreement, including, without limitation, that your use is for
the sole purpose of programming logic devices manufactured by
Intel and sold by Intel or its authorized distributors.  Please
refer to the applicable agreement for further details.



+----------------------------------------------------------------------------------+
; Flow Summary                                                                     ;
+------------------------------------+---------------------------------------------+
; Flow Status                        ; Successful - Tue Nov 19 16:11:14 2019       ;
; Quartus Prime Version              ; 18.0.0 Build 614 04/24/2018 SJ Lite Edition ;
; Revision Name                      ; lab8                                        ;
; Top-level Entity Name              ; final_project                               ;
; Family                             ; Cyclone IV E                                ;
; Device                             ; EP4CE115F29C7                               ;
; Timing Models                      ; Final                                       ;
; Total logic elements               ; 4,943 / 114,480 ( 4 % )                     ;
;     Total combinational functions  ; 3,419 / 114,480 ( 3 % )                     ;
;     Dedicated logic registers      ; 3,529 / 114,480 ( 3 % )                     ;
; Total registers                    ; 3648                                        ;
; Total pins                         ; 170 / 529 ( 32 % )                          ;
; Total virtual pins                 ; 0                                           ;
; Total memory bits                  ; 22,784 / 3,981,312 ( < 1 % )                ;
; Embedded Multiplier 9-bit elements ; 8 / 532 ( 2 % )                             ;
; Total PLLs                         ; 1 / 4 ( 25 % )                              ;
+------------------------------------+---------------------------------------------+


+-----------------------------------------+
; Flow Settings                           ;
+-------------------+---------------------+
; Option            ; Setting             ;
+-------------------+---------------------+
; Start date & time ; 11/19/2019 16:07:50 ;
; Main task         ; Compilation         ;
; Revision Name     ; lab8                ;
+-------------------+---------------------+


+-----------------------------------------------------------------------------------------------------------------------------------------------------------------------------------------------------------------------------------------------------------------------------------------------------------------------------------------------------------------------------------------------------------------+
; Flow Non-Default Global Settings                                                                                                                                                                                                                                                                                                                                                                                ;
+--------------------------------------+---------------------------------------------------------------------------------------------------------------------------------------------------------------------------------------------------------------------------------------------------------------------------------------------------------------------+---------------+-----------------+------------------+
; Assignment Name                      ; Value                                                                                                                                                                                                                                                                                                               ; Default Value ; Entity Name     ; Section Id       ;
+--------------------------------------+---------------------------------------------------------------------------------------------------------------------------------------------------------------------------------------------------------------------------------------------------------------------------------------------------------------------+---------------+-----------------+------------------+
; COMPILER_SIGNATURE_ID                ; 242211435807458.157420126907600                                                                                                                                                                                                                                                                                     ; --            ; --              ; --               ;
; EDA_DESIGN_INSTANCE_NAME             ; NA                                                                                                                                                                                                                                                                                                                  ; --            ; --              ; testbench        ;
; EDA_NATIVELINK_SIMULATION_TEST_BENCH ; testbench                                                                                                                                                                                                                                                                                                           ; --            ; --              ; eda_simulation   ;
; EDA_OUTPUT_DATA_FORMAT               ; Systemverilog Hdl                                                                                                                                                                                                                                                                                                   ; --            ; --              ; eda_simulation   ;
; EDA_SIMULATION_TOOL                  ; ModelSim-Altera (SystemVerilog)                                                                                                                                                                                                                                                                                     ; <None>        ; --              ; --               ;
; EDA_TEST_BENCH_ENABLE_STATUS         ; TEST_BENCH_MODE                                                                                                                                                                                                                                                                                                     ; --            ; --              ; eda_simulation   ;
; EDA_TEST_BENCH_FILE                  ; testbench.sv                                                                                                                                                                                                                                                                                                        ; --            ; --              ; testbench        ;
; EDA_TEST_BENCH_MODULE_NAME           ; testbench                                                                                                                                                                                                                                                                                                           ; --            ; --              ; testbench        ;
; EDA_TEST_BENCH_NAME                  ; testbench                                                                                                                                                                                                                                                                                                           ; --            ; --              ; eda_simulation   ;
; EDA_TEST_BENCH_RUN_SIM_FOR           ; 1000 ns                                                                                                                                                                                                                                                                                                             ; --            ; --              ; testbench        ;
; EDA_TIME_SCALE                       ; 1 ns                                                                                                                                                                                                                                                                                                                ; --            ; --              ; eda_simulation   ;
; ENABLE_SIGNALTAP                     ; On                                                                                                                                                                                                                                                                                                                  ; --            ; --              ; --               ;
; FLOW_ENABLE_POWER_ANALYZER           ; On                                                                                                                                                                                                                                                                                                                  ; Off           ; --              ; --               ;
; MAX_CORE_JUNCTION_TEMP               ; 85                                                                                                                                                                                                                                                                                                                  ; --            ; --              ; --               ;
; MIN_CORE_JUNCTION_TEMP               ; 0                                                                                                                                                                                                                                                                                                                   ; --            ; --              ; --               ;
; MISC_FILE                            ; nios_system/synthesis/../nios_system.cmp                                                                                                                                                                                                                                                                            ; --            ; --              ; --               ;
; MISC_FILE                            ; nios_system/synthesis/../../nios_system.qsys                                                                                                                                                                                                                                                                        ; --            ; --              ; --               ;
; MISC_FILE                            ; vga_clk.ppf                                                                                                                                                                                                                                                                                                         ; --            ; --              ; --               ;
; PARTITION_COLOR                      ; -- (Not supported for targeted family)                                                                                                                                                                                                                                                                              ; --            ; DE2_115_Default ; Top              ;
; PARTITION_COLOR                      ; -- (Not supported for targeted family)                                                                                                                                                                                                                                                                              ; --            ; final_project   ; Top              ;
; PARTITION_FITTER_PRESERVATION_LEVEL  ; -- (Not supported for targeted family)                                                                                                                                                                                                                                                                              ; --            ; DE2_115_Default ; Top              ;
; PARTITION_FITTER_PRESERVATION_LEVEL  ; -- (Not supported for targeted family)                                                                                                                                                                                                                                                                              ; --            ; final_project   ; Top              ;
; PARTITION_NETLIST_TYPE               ; -- (Not supported for targeted family)                                                                                                                                                                                                                                                                              ; --            ; DE2_115_Default ; Top              ;
; PARTITION_NETLIST_TYPE               ; -- (Not supported for targeted family)                                                                                                                                                                                                                                                                              ; --            ; final_project   ; Top              ;
; POWER_BOARD_THERMAL_MODEL            ; None (CONSERVATIVE)                                                                                                                                                                                                                                                                                                 ; --            ; --              ; --               ;
; POWER_DEFAULT_INPUT_IO_TOGGLE_RATE   ; 12.5 %                                                                                                                                                                                                                                                                                                              ; 12.5%         ; --              ; --               ;
; POWER_PRESET_COOLING_SOLUTION        ; 23 MM HEAT SINK WITH 200 LFPM AIRFLOW                                                                                                                                                                                                                                                                               ; --            ; --              ; --               ;
; SLD_FILE                             ; nios_system/synthesis/nios_system.regmap                                                                                                                                                                                                                                                                            ; --            ; --              ; --               ;
; SLD_FILE                             ; nios_system/synthesis/nios_system.debuginfo                                                                                                                                                                                                                                                                         ; --            ; --              ; --               ;
; SLD_FILE                             ; db/SignalTap_auto_stripped.stp                                                                                                                                                                                                                                                                                      ; --            ; --              ; --               ;
; SLD_INFO                             ; QSYS_NAME nios_system HAS_SOPCINFO 1 GENERATION_ID 1574064475                                                                                                                                                                                                                                                       ; --            ; nios_system     ; --               ;
; SLD_NODE_CREATOR_ID                  ; 110                                                                                                                                                                                                                                                                                                                 ; --            ; --              ; auto_signaltap_0 ;
; SLD_NODE_ENTITY_NAME                 ; sld_signaltap                                                                                                                                                                                                                                                                                                       ; --            ; --              ; auto_signaltap_0 ;
; SLD_NODE_PARAMETER_ASSIGNMENT        ; SLD_RAM_BLOCK_TYPE=AUTO                                                                                                                                                                                                                                                                                             ; --            ; --              ; auto_signaltap_0 ;
; SLD_NODE_PARAMETER_ASSIGNMENT        ; SLD_DATA_BITS=89                                                                                                                                                                                                                                                                                                    ; --            ; --              ; auto_signaltap_0 ;
; SLD_NODE_PARAMETER_ASSIGNMENT        ; SLD_TRIGGER_BITS=89                                                                                                                                                                                                                                                                                                 ; --            ; --              ; auto_signaltap_0 ;
; SLD_NODE_PARAMETER_ASSIGNMENT        ; SLD_STORAGE_QUALIFIER_BITS=89                                                                                                                                                                                                                                                                                       ; --            ; --              ; auto_signaltap_0 ;
; SLD_NODE_PARAMETER_ASSIGNMENT        ; SLD_NODE_INFO=805334528                                                                                                                                                                                                                                                                                             ; --            ; --              ; auto_signaltap_0 ;
; SLD_NODE_PARAMETER_ASSIGNMENT        ; SLD_POWER_UP_TRIGGER=0                                                                                                                                                                                                                                                                                              ; --            ; --              ; auto_signaltap_0 ;
; SLD_NODE_PARAMETER_ASSIGNMENT        ; SLD_INVERSION_MASK=000000000000000000000000000000000000000000000000000000000000000000000000000000000000000000000000000000000000000000000000000000000000000000000000000000000000000000000000000000000000000000000000000000000000000000000000000000000000000000000000000000000000000000000000000000000000000000000000 ; --            ; --              ; auto_signaltap_0 ;
; SLD_NODE_PARAMETER_ASSIGNMENT        ; SLD_INVERSION_MASK_LENGTH=288                                                                                                                                                                                                                                                                                       ; --            ; --              ; auto_signaltap_0 ;
; SLD_NODE_PARAMETER_ASSIGNMENT        ; SLD_STORAGE_QUALIFIER_INVERSION_MASK_LENGTH=0                                                                                                                                                                                                                                                                       ; --            ; --              ; auto_signaltap_0 ;
; SLD_NODE_PARAMETER_ASSIGNMENT        ; SLD_SEGMENT_SIZE=128                                                                                                                                                                                                                                                                                                ; --            ; --              ; auto_signaltap_0 ;
; SLD_NODE_PARAMETER_ASSIGNMENT        ; SLD_ATTRIBUTE_MEM_MODE=OFF                                                                                                                                                                                                                                                                                          ; --            ; --              ; auto_signaltap_0 ;
; SLD_NODE_PARAMETER_ASSIGNMENT        ; SLD_STATE_FLOW_USE_GENERATED=0                                                                                                                                                                                                                                                                                      ; --            ; --              ; auto_signaltap_0 ;
; SLD_NODE_PARAMETER_ASSIGNMENT        ; SLD_STATE_BITS=11                                                                                                                                                                                                                                                                                                   ; --            ; --              ; auto_signaltap_0 ;
; SLD_NODE_PARAMETER_ASSIGNMENT        ; SLD_BUFFER_FULL_STOP=1                                                                                                                                                                                                                                                                                              ; --            ; --              ; auto_signaltap_0 ;
; SLD_NODE_PARAMETER_ASSIGNMENT        ; SLD_CURRENT_RESOURCE_WIDTH=1                                                                                                                                                                                                                                                                                        ; --            ; --              ; auto_signaltap_0 ;
; SLD_NODE_PARAMETER_ASSIGNMENT        ; SLD_INCREMENTAL_ROUTING=1                                                                                                                                                                                                                                                                                           ; --            ; --              ; auto_signaltap_0 ;
; SLD_NODE_PARAMETER_ASSIGNMENT        ; SLD_TRIGGER_LEVEL=1                                                                                                                                                                                                                                                                                                 ; --            ; --              ; auto_signaltap_0 ;
; SLD_NODE_PARAMETER_ASSIGNMENT        ; SLD_SAMPLE_DEPTH=128                                                                                                                                                                                                                                                                                                ; --            ; --              ; auto_signaltap_0 ;
; SLD_NODE_PARAMETER_ASSIGNMENT        ; SLD_TRIGGER_IN_ENABLED=0                                                                                                                                                                                                                                                                                            ; --            ; --              ; auto_signaltap_0 ;
; SLD_NODE_PARAMETER_ASSIGNMENT        ; SLD_TRIGGER_PIPELINE=0                                                                                                                                                                                                                                                                                              ; --            ; --              ; auto_signaltap_0 ;
; SLD_NODE_PARAMETER_ASSIGNMENT        ; SLD_RAM_PIPELINE=0                                                                                                                                                                                                                                                                                                  ; --            ; --              ; auto_signaltap_0 ;
; SLD_NODE_PARAMETER_ASSIGNMENT        ; SLD_COUNTER_PIPELINE=0                                                                                                                                                                                                                                                                                              ; --            ; --              ; auto_signaltap_0 ;
; SLD_NODE_PARAMETER_ASSIGNMENT        ; SLD_ADVANCED_TRIGGER_ENTITY=basic,1,                                                                                                                                                                                                                                                                                ; --            ; --              ; auto_signaltap_0 ;
; SLD_NODE_PARAMETER_ASSIGNMENT        ; SLD_TRIGGER_LEVEL_PIPELINE=1                                                                                                                                                                                                                                                                                        ; --            ; --              ; auto_signaltap_0 ;
; SLD_NODE_PARAMETER_ASSIGNMENT        ; SLD_ENABLE_ADVANCED_TRIGGER=0                                                                                                                                                                                                                                                                                       ; --            ; --              ; auto_signaltap_0 ;
; SOPCINFO_FILE                        ; nios_system/synthesis/../../nios_system.sopcinfo                                                                                                                                                                                                                                                                    ; --            ; --              ; --               ;
; SYNTHESIS_ONLY_QIP                   ; On                                                                                                                                                                                                                                                                                                                  ; --            ; --              ; --               ;
; TOP_LEVEL_ENTITY                     ; final_project                                                                                                                                                                                                                                                                                                       ; lab8          ; --              ; --               ;
; USE_SIGNALTAP_FILE                   ; SignalTap.stp                                                                                                                                                                                                                                                                                                       ; --            ; --              ; --               ;
+--------------------------------------+---------------------------------------------------------------------------------------------------------------------------------------------------------------------------------------------------------------------------------------------------------------------------------------------------------------------+---------------+-----------------+------------------+


+--------------------------------------------------------------------------------------------------------------------------+
; Flow Elapsed Time                                                                                                        ;
+----------------------+--------------+-------------------------+---------------------+------------------------------------+
; Module Name          ; Elapsed Time ; Average Processors Used ; Peak Virtual Memory ; Total CPU Time (on all processors) ;
+----------------------+--------------+-------------------------+---------------------+------------------------------------+
; Analysis & Synthesis ; 00:01:14     ; 1.0                     ; 5003 MB             ; 00:01:10                           ;
; Fitter               ; 00:00:36     ; 1.0                     ; 5819 MB             ; 00:00:43                           ;
; Assembler            ; 00:00:07     ; 1.0                     ; 4726 MB             ; 00:00:05                           ;
; Power Analyzer       ; 00:00:14     ; 1.0                     ; 4953 MB             ; 00:00:12                           ;
; Timing Analyzer      ; 00:00:13     ; 1.0                     ; 4929 MB             ; 00:00:06                           ;
; EDA Netlist Writer   ; 00:00:24     ; 1.0                     ; 4750 MB             ; 00:00:09                           ;
; Total                ; 00:02:48     ; --                      ; --                  ; 00:02:25                           ;
+----------------------+--------------+-------------------------+---------------------+------------------------------------+


+------------------------------------------------------------------------------------+
; Flow OS Summary                                                                    ;
+----------------------+------------------+------------+------------+----------------+
; Module Name          ; Machine Hostname ; OS Name    ; OS Version ; Processor type ;
+----------------------+------------------+------------+------------+----------------+
; Analysis & Synthesis ; ECEB-4072-09     ; Windows 10 ; 10.0       ; x86_64         ;
; Fitter               ; ECEB-4072-09     ; Windows 10 ; 10.0       ; x86_64         ;
; Assembler            ; ECEB-4072-09     ; Windows 10 ; 10.0       ; x86_64         ;
; Power Analyzer       ; ECEB-4072-09     ; Windows 10 ; 10.0       ; x86_64         ;
; Timing Analyzer      ; ECEB-4072-09     ; Windows 10 ; 10.0       ; x86_64         ;
; EDA Netlist Writer   ; ECEB-4072-09     ; Windows 10 ; 10.0       ; x86_64         ;
+----------------------+------------------+------------+------------+----------------+


------------
; Flow Log ;
------------
quartus_map --read_settings_files=on --write_settings_files=off final -c lab8
quartus_fit --read_settings_files=off --write_settings_files=off final -c lab8
quartus_asm --read_settings_files=off --write_settings_files=off final -c lab8
quartus_pow --read_settings_files=off --write_settings_files=off final -c lab8
quartus_sta final -c lab8
quartus_eda --read_settings_files=off --write_settings_files=off final -c lab8



